18.3.2024, 15:21:17 - INFO - Server ready at port 3030
18.3.2024, 15:23:00 - INFO - Server ready at port 3030
18.3.2024, 15:23:35 - INFO - Server ready at port 3030
18.3.2024, 15:23:43 - INFO - Server ready at port 3030
18.3.2024, 15:23:46 - INFO - Server ready at port 3030
18.3.2024, 15:23:55 - INFO - Server ready at port 3030
18.3.2024, 15:23:57 - INFO - Server ready at port 3030
18.3.2024, 15:24:11 - INFO - Server ready at port 3030
18.3.2024, 15:27:00 - INFO - Server ready at port 3030
18.3.2024, 15:27:50 - INFO - Server ready at port 3030
18.3.2024, 15:28:50 - INFO - Server ready at port 3030
18.3.2024, 15:28:57 - INFO - Server ready at port 3030
18.3.2024, 15:29:00 - INFO - Server ready at port 3030
18.3.2024, 15:29:40 - INFO - Server ready at port 3030
18.3.2024, 15:30:02 - INFO - Server ready at port 3030
18.3.2024, 15:30:12 - INFO - Server ready at port 3030
18.3.2024, 15:30:15 - INFO - Server ready at port 3030
18.3.2024, 15:31:40 - INFO - Server ready at port 3030
18.3.2024, 15:32:14 - INFO - Server ready at port 3030
18.3.2024, 15:32:16 - INFO - Server ready at port 3030
18.3.2024, 15:32:19 - INFO - Server ready at port 3030
18.3.2024, 15:33:02 - INFO - Server ready at port 3030
18.3.2024, 15:37:36 - INFO - Server ready at port 3030
18.3.2024, 15:37:41 - INFO - Server ready at port 3030
18.3.2024, 15:38:31 - INFO - Server ready at port 3030
18.3.2024, 15:39:29 - INFO - Server ready at port 3030
18.3.2024, 15:49:49 - INFO - Server ready at port 3030
18.3.2024, 15:49:50 - INFO - Server ready at port 3030
18.3.2024, 15:52:12 - INFO - Server ready at port 3030
18.3.2024, 15:52:49 - INFO - Server ready at port 3030
18.3.2024, 15:52:52 - INFO - Server ready at port 3030
18.3.2024, 15:52:54 - INFO - Server ready at port 3030
18.3.2024, 15:52:55 - INFO - Server ready at port 3030
18.3.2024, 15:52:59 - INFO - Server ready at port 3030
18.3.2024, 15:53:02 - INFO - Server ready at port 3030
18.3.2024, 15:53:03 - INFO - Server ready at port 3030
18.3.2024, 15:53:05 - INFO - Server ready at port 3030
18.3.2024, 15:53:14 - INFO - Server ready at port 3030
18.3.2024, 15:54:59 - INFO - Server ready at port 3030
18.3.2024, 15:56:18 - INFO - Server ready at port 3030
18.3.2024, 15:56:21 - INFO - Server ready at port 3030
18.3.2024, 15:56:34 - INFO - Server ready at port 3030
18.3.2024, 15:56:37 - INFO - Server ready at port 3030
18.3.2024, 15:56:41 - INFO - Server ready at port 3030
18.3.2024, 15:56:43 - INFO - Server ready at port 3030
18.3.2024, 15:56:46 - INFO - Server ready at port 3030
18.3.2024, 15:56:50 - INFO - Server ready at port 3030
18.3.2024, 15:56:52 - INFO - Server ready at port 3030
18.3.2024, 15:59:51 - INFO - Server ready at port 3030
18.3.2024, 15:59:55 - INFO - Server ready at port 3030
18.3.2024, 15:59:58 - INFO - Server ready at port 3030
18.3.2024, 16:00:04 - INFO - Server ready at port 3030
18.3.2024, 16:00:06 - INFO - Server ready at port 3030
18.3.2024, 16:07:40 - INFO - Server ready at port 3030
18.3.2024, 16:08:21 - INFO - Server ready at port 3030
18.3.2024, 16:08:36 - INFO - Server ready at port 3030
18.3.2024, 16:08:39 - INFO - Server ready at port 3030
18.3.2024, 16:08:41 - INFO - Server ready at port 3030
18.3.2024, 16:08:45 - INFO - Server ready at port 3030
18.3.2024, 16:08:47 - INFO - Server ready at port 3030
18.3.2024, 16:08:49 - INFO - Server ready at port 3030
18.3.2024, 16:09:42 - INFO - Server ready at port 3030
18.3.2024, 16:10:20 - INFO - Server ready at port 3030
18.3.2024, 16:10:29 - INFO - Server ready at port 3030
18.3.2024, 16:10:32 - INFO - Server ready at port 3030
18.3.2024, 16:10:35 - INFO - Server ready at port 3030
18.3.2024, 16:10:50 - INFO - Server ready at port 3030
18.3.2024, 16:10:54 - INFO - Server ready at port 3030
18.3.2024, 16:13:20 - INFO - Server ready at port 3030
18.3.2024, 16:13:22 - INFO - Server ready at port 3030
18.3.2024, 16:13:57 - INFO - Server ready at port 3030
18.3.2024, 16:14:04 - INFO - Server ready at port 3030
18.3.2024, 16:14:05 - INFO - Server ready at port 3030
18.3.2024, 16:14:08 - INFO - Server ready at port 3030
18.3.2024, 16:14:15 - INFO - Server ready at port 3030
18.3.2024, 16:17:17 - INFO - Server ready at port 3030
18.3.2024, 16:23:48 - INFO - Server ready at port 3030
18.3.2024, 16:25:33 - INFO - Server ready at port 3030
18.3.2024, 16:37:14 - INFO - Server ready at port 3030
18.3.2024, 16:37:19 - INFO - Server ready at port 3030
18.3.2024, 16:37:20 - INFO - Server ready at port 3030
18.3.2024, 16:37:22 - INFO - Server ready at port 3030
18.3.2024, 16:38:05 - INFO - Server ready at port 3030
18.3.2024, 16:38:11 - INFO - Server ready at port 3030
18.3.2024, 16:38:18 - INFO - Server ready at port 3030
18.3.2024, 16:38:21 - INFO - Server ready at port 3030
18.3.2024, 16:38:22 - INFO - Server ready at port 3030
18.3.2024, 16:40:41 - INFO - Server ready at port 3030
18.3.2024, 16:40:45 - INFO - Server ready at port 3030
18.3.2024, 16:40:47 - INFO - Server ready at port 3030
18.3.2024, 16:44:09 - INFO - Server ready at port 3030
18.3.2024, 16:45:45 - INFO - Server ready at port 3030
18.3.2024, 16:45:47 - INFO - Server ready at port 3030
18.3.2024, 16:45:54 - INFO - Server ready at port 3030
18.3.2024, 16:46:00 - INFO - Server ready at port 3030
18.3.2024, 16:46:03 - INFO - Server ready at port 3030
18.3.2024, 16:46:07 - INFO - Server ready at port 3030
18.3.2024, 16:46:21 - INFO - Server ready at port 3030
18.3.2024, 16:46:24 - INFO - Server ready at port 3030
18.3.2024, 16:50:41 - INFO - Server ready at port 3030
18.3.2024, 16:50:46 - INFO - Server ready at port 3030
18.3.2024, 16:52:01 - INFO - Server ready at port 3030
18.3.2024, 16:53:45 - INFO - Server ready at port 3030
18.3.2024, 16:53:56 - INFO - Server ready at port 3030
18.3.2024, 16:53:58 - INFO - Server ready at port 3030
18.3.2024, 16:54:06 - INFO - Server ready at port 3030
18.3.2024, 16:54:32 - INFO - Server ready at port 3030
18.3.2024, 16:54:36 - INFO - Server ready at port 3030
18.3.2024, 16:54:38 - INFO - Server ready at port 3030
18.3.2024, 16:54:46 - INFO - Server ready at port 3030
18.3.2024, 16:56:46 - INFO - Server ready at port 3030
18.3.2024, 16:56:54 - INFO - Server ready at port 3030
18.3.2024, 16:57:36 - INFO - Server ready at port 3030
18.3.2024, 16:57:44 - INFO - Server ready at port 3030
18.3.2024, 16:57:56 - INFO - Server ready at port 3030
18.3.2024, 16:57:58 - INFO - Server ready at port 3030
18.3.2024, 17:00:15 - INFO - Server ready at port 3030
18.3.2024, 17:00:29 - INFO - Server ready at port 3030
18.3.2024, 17:00:36 - INFO - Server ready at port 3030
18.3.2024, 17:01:08 - INFO - Server ready at port 3030
18.3.2024, 17:01:21 - INFO - Server ready at port 3030
18.3.2024, 17:01:25 - INFO - Server ready at port 3030
18.3.2024, 17:01:29 - INFO - Server ready at port 3030
18.3.2024, 17:01:31 - INFO - Server ready at port 3030
18.3.2024, 17:01:34 - INFO - Server ready at port 3030
18.3.2024, 17:01:40 - INFO - Server ready at port 3030
18.3.2024, 17:02:36 - INFO - Server ready at port 3030
18.3.2024, 17:08:46 - INFO - Server ready at port 3030
18.3.2024, 17:08:49 - INFO - Server ready at port 3030
18.3.2024, 17:08:52 - INFO - Server ready at port 3030
18.3.2024, 17:09:13 - INFO - Server ready at port 3030
18.3.2024, 17:09:16 - INFO - Server ready at port 3030
18.3.2024, 17:09:57 - INFO - Server ready at port 3030
18.3.2024, 17:09:59 - INFO - Server ready at port 3030
18.3.2024, 17:10:42 - INFO - Server ready at port 3030
18.3.2024, 17:12:14 - INFO - Server ready at port 3030
18.3.2024, 17:17:48 - INFO - Server ready at port 3030
18.3.2024, 17:18:27 - INFO - Server ready at port 3030
18.3.2024, 17:19:53 - INFO - Server ready at port 3030
18.3.2024, 17:21:22 - INFO - Server ready at port 3030
18.3.2024, 17:21:25 - INFO - Server ready at port 3030
18.3.2024, 17:21:29 - INFO - Server ready at port 3030
18.3.2024, 17:21:39 - INFO - Server ready at port 3030
18.3.2024, 17:21:41 - INFO - Server ready at port 3030
18.3.2024, 17:22:18 - INFO - Server ready at port 3030
18.3.2024, 17:22:32 - INFO - Server ready at port 3030
18.3.2024, 17:22:40 - INFO - Server ready at port 3030
18.3.2024, 17:24:37 - INFO - Server ready at port 3030
18.3.2024, 17:24:39 - INFO - Server ready at port 3030
18.3.2024, 17:24:43 - INFO - Server ready at port 3030
18.3.2024, 17:24:53 - INFO - Server ready at port 3030
18.3.2024, 17:26:12 - INFO - Server ready at port 3030
18.3.2024, 17:26:14 - INFO - Server ready at port 3030
18.3.2024, 17:26:16 - INFO - Server ready at port 3030
18.3.2024, 17:26:21 - INFO - Server ready at port 3030
18.3.2024, 17:27:29 - INFO - Server ready at port 3030
18.3.2024, 17:31:06 - INFO - Server ready at port 3030
18.3.2024, 17:31:09 - INFO - Server ready at port 3030
18.3.2024, 17:31:31 - INFO - Server ready at port 3030
18.3.2024, 17:31:47 - INFO - Server ready at port 3030
18.3.2024, 17:32:28 - INFO - Server ready at port 3030
18.3.2024, 17:33:39 - INFO - Server ready at port 3030
18.3.2024, 17:33:57 - INFO - Server ready at port 3030
18.3.2024, 17:34:15 - INFO - Server ready at port 3030
18.3.2024, 17:36:01 - INFO - Server ready at port 3030
18.3.2024, 17:36:33 - INFO - Server ready at port 3030
18.3.2024, 17:38:17 - INFO - Server ready at port 3030
18.3.2024, 17:38:22 - INFO - Server ready at port 3030
18.3.2024, 17:38:30 - INFO - Server ready at port 3030
18.3.2024, 17:39:04 - INFO - Server ready at port 3030
18.3.2024, 17:39:09 - INFO - Server ready at port 3030
18.3.2024, 17:39:10 - INFO - Server ready at port 3030
18.3.2024, 17:39:48 - INFO - Server ready at port 3030
18.3.2024, 17:39:56 - ERROR - TypeError: visitedBugs.push is not a function
18.3.2024, 17:40:16 - INFO - Server ready at port 3030
18.3.2024, 17:40:36 - INFO - Server ready at port 3030
18.3.2024, 17:40:42 - ERROR - TypeError: visitedBugs.push is not a function
18.3.2024, 17:41:19 - INFO - Server ready at port 3030
18.3.2024, 17:41:23 - INFO - Server ready at port 3030
18.3.2024, 17:41:24 - INFO - Server ready at port 3030
18.3.2024, 17:41:38 - INFO - Server ready at port 3030
18.3.2024, 17:41:49 - INFO - Server ready at port 3030
18.3.2024, 17:41:53 - INFO - Server ready at port 3030
18.3.2024, 17:41:55 - INFO - Server ready at port 3030
18.3.2024, 17:41:58 - INFO - Server ready at port 3030
18.3.2024, 17:42:03 - INFO - Server ready at port 3030
18.3.2024, 17:42:07 - ERROR - TypeError: visitedBugs.push is not a function
18.3.2024, 17:45:11 - INFO - Server ready at port 3030
18.3.2024, 17:45:27 - ERROR - TypeError: visitedBugs is not iterable
18.3.2024, 17:45:31 - ERROR - TypeError: visitedBugs is not iterable
18.3.2024, 17:45:38 - INFO - Server ready at port 3030
18.3.2024, 17:47:19 - ERROR - TypeError: visitedBugs.push is not a function
18.3.2024, 17:47:36 - INFO - Server ready at port 3030
18.3.2024, 17:47:40 - ERROR - TypeError: visitedBugs.push is not a function
18.3.2024, 17:47:43 - ERROR - TypeError: visitedBugs.push is not a function
18.3.2024, 17:48:26 - INFO - Server ready at port 3030
18.3.2024, 17:48:34 - INFO - Server ready at port 3030
18.3.2024, 17:48:56 - ERROR - TypeError: visitedBugs.push is not a function
18.3.2024, 17:48:59 - ERROR - TypeError: visitedBugs.push is not a function
18.3.2024, 17:50:53 - INFO - Server ready at port 3030
18.3.2024, 17:51:29 - INFO - Server ready at port 3030
18.3.2024, 17:51:38 - ERROR - TypeError: visitedBugs.push is not a function
18.3.2024, 17:51:53 - ERROR - TypeError: visitedBugs.push is not a function
18.3.2024, 17:54:19 - INFO - Server ready at port 3030
18.3.2024, 17:54:25 - INFO - Server ready at port 3030
18.3.2024, 17:54:31 - ERROR - TypeError: visitedBugs.push is not a function
18.3.2024, 17:56:04 - INFO - Server ready at port 3030
18.3.2024, 17:56:19 - INFO - Server ready at port 3030
18.3.2024, 17:57:27 - INFO - Server ready at port 3030
18.3.2024, 17:57:40 - ERROR - TypeError: visitedBugs.push is not a function
18.3.2024, 17:58:36 - INFO - Server ready at port 3030
18.3.2024, 17:58:44 - INFO - Server ready at port 3030
18.3.2024, 18:02:50 - INFO - Server ready at port 3030
18.3.2024, 18:03:16 - INFO - Server ready at port 3030
18.3.2024, 18:04:47 - INFO - Server ready at port 3030
18.3.2024, 18:06:50 - INFO - Server ready at port 3030
18.3.2024, 18:06:53 - INFO - Server ready at port 3030
18.3.2024, 18:06:54 - INFO - Server ready at port 3030
18.3.2024, 18:07:03 - INFO - Server ready at port 3030
18.3.2024, 18:07:14 - INFO - Server ready at port 3030
18.3.2024, 18:07:24 - INFO - Server ready at port 3030
18.3.2024, 18:07:31 - INFO - Server ready at port 3030
18.3.2024, 18:07:38 - INFO - Server ready at port 3030
18.3.2024, 18:08:55 - INFO - Server ready at port 3030
18.3.2024, 18:09:42 - INFO - Server ready at port 3030
18.3.2024, 18:09:58 - INFO - Server ready at port 3030
18.3.2024, 18:10:00 - INFO - Server ready at port 3030
18.3.2024, 18:10:12 - INFO - Server ready at port 3030
18.3.2024, 18:14:12 - INFO - Server ready at port 3030
18.3.2024, 18:14:32 - INFO - Server ready at port 3030
18.3.2024, 18:14:33 - INFO - Server ready at port 3030
18.3.2024, 18:14:34 - INFO - Server ready at port 3030
18.3.2024, 18:14:37 - INFO - Server ready at port 3030
18.3.2024, 18:15:08 - INFO - Server ready at port 3030
18.3.2024, 18:15:13 - INFO - Server ready at port 3030
18.3.2024, 18:15:16 - INFO - Server ready at port 3030
18.3.2024, 18:15:17 - INFO - Server ready at port 3030
18.3.2024, 18:15:47 - INFO - Server ready at port 3030
18.3.2024, 18:16:04 - INFO - Server ready at port 3030
18.3.2024, 18:16:11 - INFO - Server ready at port 3030
18.3.2024, 18:16:40 - INFO - Server ready at port 3030
18.3.2024, 18:17:51 - INFO - Server ready at port 3030
18.3.2024, 18:17:56 - INFO - Server ready at port 3030
18.3.2024, 18:18:56 - INFO - Server ready at port 3030
18.3.2024, 18:18:57 - INFO - Server ready at port 3030
18.3.2024, 18:19:01 - INFO - Server ready at port 3030
18.3.2024, 18:19:23 - INFO - Server ready at port 3030
18.3.2024, 18:20:19 - INFO - Server ready at port 3030
18.3.2024, 18:21:46 - INFO - Server ready at port 3030
18.3.2024, 19:25:53 - INFO - Server ready at port 3030
18.3.2024, 19:26:05 - INFO - Server ready at port 3030
18.3.2024, 19:26:34 - INFO - Server ready at port 3030
18.3.2024, 19:26:52 - INFO - Server ready at port 3030
18.3.2024, 19:26:57 - INFO - Server ready at port 3030
18.3.2024, 19:27:12 - INFO - Server ready at port 3030
19.3.2024, 7:27:29 - INFO - Server ready at port 3030
19.3.2024, 7:27:34 - INFO - Server ready at port 3030
19.3.2024, 7:27:37 - INFO - Server ready at port 3030
19.3.2024, 7:28:05 - INFO - Server ready at port 3030
19.3.2024, 7:30:28 - INFO - Server ready at port 3030
19.3.2024, 7:30:33 - INFO - Server ready at port 3030
19.3.2024, 7:30:36 - INFO - Server ready at port 3030
19.3.2024, 7:30:47 - INFO - Server ready at port 3030
19.3.2024, 7:30:48 - INFO - Server ready at port 3030
19.3.2024, 7:30:51 - INFO - Server ready at port 3030
19.3.2024, 7:30:56 - INFO - Server ready at port 3030
19.3.2024, 7:36:19 - INFO - Server ready at port 3030
19.3.2024, 7:37:21 - INFO - Server ready at port 3030
19.3.2024, 7:39:08 - INFO - Server ready at port 3030
19.3.2024, 7:39:41 - INFO - Server ready at port 3030
19.3.2024, 7:41:31 - INFO - Server ready at port 3030
19.3.2024, 7:42:09 - INFO - Server ready at port 3030
19.3.2024, 7:42:10 - INFO - Server ready at port 3030
19.3.2024, 7:42:13 - INFO - Server ready at port 3030
19.3.2024, 7:42:15 - INFO - Server ready at port 3030
19.3.2024, 7:42:34 - INFO - Server ready at port 3030
19.3.2024, 7:42:37 - INFO - Server ready at port 3030
19.3.2024, 7:42:41 - INFO - Server ready at port 3030
19.3.2024, 7:42:44 - INFO - Server ready at port 3030
19.3.2024, 7:45:33 - INFO - Server ready at port 3030
19.3.2024, 7:45:38 - INFO - Server ready at port 3030
19.3.2024, 7:47:12 - INFO - Server ready at port 3030
19.3.2024, 7:54:19 - INFO - Server ready at port 3030
19.3.2024, 7:54:38 - INFO - Server ready at port 3030
19.3.2024, 7:55:06 - INFO - Server ready at port 3030
19.3.2024, 7:55:12 - INFO - Server ready at port 3030
19.3.2024, 7:55:14 - INFO - Server ready at port 3030
19.3.2024, 7:55:32 - INFO - Server ready at port 3030
19.3.2024, 7:55:50 - INFO - Server ready at port 3030
19.3.2024, 7:56:18 - INFO - Server ready at port 3030
19.3.2024, 7:56:22 - INFO - Server ready at port 3030
19.3.2024, 7:57:17 - INFO - Server ready at port 3030
19.3.2024, 7:59:25 - INFO - Server ready at port 3030
19.3.2024, 7:59:50 - INFO - Server ready at port 3030
19.3.2024, 7:59:54 - INFO - Server ready at port 3030
19.3.2024, 8:00:05 - INFO - Server ready at port 3030
19.3.2024, 8:00:07 - INFO - Server ready at port 3030
19.3.2024, 8:01:02 - INFO - Server ready at port 3030
19.3.2024, 8:02:57 - INFO - Server ready at port 3030
19.3.2024, 8:03:03 - INFO - Server ready at port 3030
19.3.2024, 8:03:07 - INFO - Server ready at port 3030
19.3.2024, 8:03:25 - INFO - Server ready at port 3030
19.3.2024, 8:09:07 - INFO - Server ready at port 3030
19.3.2024, 8:11:21 - INFO - Server ready at port 3030
19.3.2024, 8:11:32 - INFO - Server ready at port 3030
19.3.2024, 8:13:41 - INFO - Server ready at port 3030
19.3.2024, 8:14:21 - INFO - Server ready at port 3030
19.3.2024, 8:15:05 - INFO - Server ready at port 3030
19.3.2024, 8:16:20 - INFO - Server ready at port 3030
19.3.2024, 8:16:24 - INFO - Server ready at port 3030
19.3.2024, 8:16:26 - INFO - Server ready at port 3030
19.3.2024, 8:16:42 - INFO - Server ready at port 3030
19.3.2024, 12:35:49 - INFO - Server ready at port 3030
19.3.2024, 12:39:42 - INFO - Server ready at port 3030
19.3.2024, 12:39:43 - INFO - Server ready at port 3030
19.3.2024, 12:45:30 - INFO - Server ready at port 3030
19.3.2024, 12:47:52 - INFO - Server ready at port 3030
19.3.2024, 12:47:53 - INFO - Server ready at port 3030
19.3.2024, 12:48:11 - INFO - Server ready at port 3030
19.3.2024, 12:48:56 - INFO - Server ready at port 3030
19.3.2024, 12:48:58 - INFO - Server ready at port 3030
19.3.2024, 12:48:59 - INFO - Server ready at port 3030
19.3.2024, 12:49:13 - INFO - Server ready at port 3030
19.3.2024, 12:50:54 - INFO - Server ready at port 3030
19.3.2024, 12:50:58 - INFO - Server ready at port 3030
19.3.2024, 12:52:25 - INFO - Server ready at port 3030
19.3.2024, 12:54:13 - INFO - Server ready at port 3030
19.3.2024, 12:55:02 - INFO - Server ready at port 3030
19.3.2024, 13:00:54 - INFO - Server ready at port 3030
19.3.2024, 13:01:32 - DEBUG - req.query | {"title":"eeee","severity":"3"}
19.3.2024, 13:02:15 - DEBUG - req.query | {"title":"43434","severity":"4"}
19.3.2024, 13:16:10 - INFO - Server ready at port 3030
19.3.2024, 13:17:03 - DEBUG - req.query | {"title":"4444","severity":"4"}
19.3.2024, 13:17:29 - DEBUG - req.query | {"title":"33333","severity":"33"}
19.3.2024, 13:22:50 - INFO - Server ready at port 3030
19.3.2024, 13:22:56 - INFO - Server ready at port 3030
19.3.2024, 13:23:18 - DEBUG - req.query | {"title":"eeee","severity":"2"}
19.3.2024, 14:09:34 - INFO - Server ready at port 3030
19.3.2024, 14:14:32 - INFO - Server ready at port 3030
19.3.2024, 14:14:46 - INFO - Server ready at port 3030
19.3.2024, 14:15:07 - INFO - Server ready at port 3030
19.3.2024, 14:15:18 - INFO - Server ready at port 3030
19.3.2024, 14:15:36 - INFO - Server ready at port 3030
19.3.2024, 14:15:42 - INFO - Server ready at port 3030
19.3.2024, 14:18:15 - INFO - Server ready at port 3030
19.3.2024, 14:18:21 - INFO - Server ready at port 3030
19.3.2024, 14:18:25 - INFO - Server ready at port 3030
19.3.2024, 14:23:27 - INFO - Server ready at port 3030
19.3.2024, 14:26:04 - INFO - Server ready at port 3030
19.3.2024, 14:26:17 - INFO - Server ready at port 3030
19.3.2024, 14:27:38 - INFO - Server ready at port 3030
19.3.2024, 14:27:41 - INFO - Server ready at port 3030
19.3.2024, 14:27:47 - INFO - Server ready at port 3030
19.3.2024, 14:29:13 - INFO - Server ready at port 3030
19.3.2024, 14:29:21 - INFO - Server ready at port 3030
19.3.2024, 14:30:30 - INFO - Server ready at port 3030
19.3.2024, 14:30:35 - INFO - Server ready at port 3030
19.3.2024, 14:30:53 - INFO - Server ready at port 3030
19.3.2024, 14:31:18 - INFO - Server ready at port 3030
19.3.2024, 14:31:20 - INFO - Server ready at port 3030
19.3.2024, 14:31:25 - INFO - Server ready at port 3030
19.3.2024, 14:32:24 - INFO - Server ready at port 3030
19.3.2024, 14:32:29 - INFO - Server ready at port 3030
19.3.2024, 14:32:34 - INFO - Server ready at port 3030
19.3.2024, 14:33:12 - INFO - Server ready at port 3030
19.3.2024, 14:33:49 - INFO - Server ready at port 3030
19.3.2024, 14:34:09 - INFO - Server ready at port 3030
19.3.2024, 14:34:12 - INFO - Server ready at port 3030
19.3.2024, 14:34:31 - INFO - Server ready at port 3030
19.3.2024, 14:34:36 - INFO - Server ready at port 3030
19.3.2024, 14:34:53 - INFO - Server ready at port 3030
19.3.2024, 14:34:57 - INFO - Server ready at port 3030
19.3.2024, 14:35:39 - INFO - Server ready at port 3030
19.3.2024, 14:35:57 - INFO - Server ready at port 3030
19.3.2024, 14:35:58 - INFO - Server ready at port 3030
19.3.2024, 14:36:00 - INFO - Server ready at port 3030
19.3.2024, 14:36:02 - INFO - Server ready at port 3030
19.3.2024, 14:36:12 - INFO - Server ready at port 3030
19.3.2024, 14:36:13 - INFO - Server ready at port 3030
19.3.2024, 14:36:22 - INFO - Server ready at port 3030
19.3.2024, 14:36:33 - INFO - Server ready at port 3030
19.3.2024, 14:38:28 - INFO - Server ready at port 3030
19.3.2024, 14:38:32 - INFO - Server ready at port 3030
19.3.2024, 14:38:39 - INFO - Server ready at port 3030
19.3.2024, 14:39:04 - INFO - Server ready at port 3030
19.3.2024, 14:39:12 - INFO - Server ready at port 3030
19.3.2024, 14:39:17 - INFO - Server ready at port 3030
19.3.2024, 14:39:42 - INFO - Server ready at port 3030
19.3.2024, 14:41:11 - INFO - Server ready at port 3030
19.3.2024, 14:41:17 - INFO - Server ready at port 3030
19.3.2024, 14:41:24 - INFO - Server ready at port 3030
19.3.2024, 14:42:59 - INFO - Server ready at port 3030
19.3.2024, 14:43:40 - INFO - Server ready at port 3030
19.3.2024, 14:49:00 - INFO - Server ready at port 3030
19.3.2024, 14:49:11 - INFO - Server ready at port 3030
19.3.2024, 14:49:22 - INFO - Server ready at port 3030
19.3.2024, 14:49:24 - INFO - Server ready at port 3030
19.3.2024, 14:49:27 - INFO - Server ready at port 3030
19.3.2024, 14:49:33 - INFO - Server ready at port 3030
19.3.2024, 14:49:40 - INFO - Server ready at port 3030
19.3.2024, 14:49:49 - INFO - Server ready at port 3030
19.3.2024, 14:52:51 - INFO - Server ready at port 3030
19.3.2024, 14:58:29 - INFO - Server ready at port 3030
19.3.2024, 14:58:33 - INFO - Server ready at port 3030
19.3.2024, 14:58:35 - INFO - Server ready at port 3030
19.3.2024, 14:59:37 - INFO - Server ready at port 3030
19.3.2024, 14:59:42 - INFO - Server ready at port 3030
19.3.2024, 14:59:45 - INFO - Server ready at port 3030
19.3.2024, 15:00:16 - INFO - Server ready at port 3030
19.3.2024, 15:00:19 - INFO - Server ready at port 3030
19.3.2024, 15:00:34 - INFO - Server ready at port 3030
19.3.2024, 15:00:53 - INFO - Server ready at port 3030
19.3.2024, 15:00:58 - INFO - Server ready at port 3030
19.3.2024, 15:01:03 - INFO - Server ready at port 3030
19.3.2024, 15:01:07 - INFO - Server ready at port 3030
19.3.2024, 15:01:09 - INFO - Server ready at port 3030
19.3.2024, 15:01:12 - INFO - Server ready at port 3030
19.3.2024, 15:01:29 - INFO - Server ready at port 3030
19.3.2024, 15:01:33 - INFO - Server ready at port 3030
19.3.2024, 15:05:19 - INFO - Server ready at port 3030
19.3.2024, 15:05:24 - INFO - Server ready at port 3030
19.3.2024, 15:05:25 - INFO - Server ready at port 3030
19.3.2024, 15:05:26 - INFO - Server ready at port 3030
19.3.2024, 15:09:17 - INFO - Server ready at port 3030
19.3.2024, 15:09:34 - INFO - Server ready at port 3030
19.3.2024, 15:09:53 - INFO - Server ready at port 3030
19.3.2024, 15:10:07 - INFO - Server ready at port 3030
19.3.2024, 15:10:09 - INFO - Server ready at port 3030
19.3.2024, 15:10:14 - INFO - Server ready at port 3030
19.3.2024, 15:10:21 - INFO - Server ready at port 3030
19.3.2024, 15:10:30 - INFO - Server ready at port 3030
19.3.2024, 15:10:43 - INFO - Server ready at port 3030
19.3.2024, 15:11:11 - INFO - Server ready at port 3030
19.3.2024, 15:11:15 - INFO - Server ready at port 3030
19.3.2024, 15:11:20 - INFO - Server ready at port 3030
19.3.2024, 15:11:27 - INFO - Server ready at port 3030
19.3.2024, 15:12:39 - INFO - Server ready at port 3030
19.3.2024, 15:12:41 - INFO - Server ready at port 3030
19.3.2024, 15:13:58 - INFO - Server ready at port 3030
19.3.2024, 15:14:46 - INFO - Server ready at port 3030
19.3.2024, 15:14:48 - INFO - Server ready at port 3030
19.3.2024, 15:15:58 - INFO - Server ready at port 3030
19.3.2024, 15:16:12 - INFO - Server ready at port 3030
19.3.2024, 15:16:50 - INFO - Server ready at port 3030
19.3.2024, 15:16:54 - INFO - Server ready at port 3030
19.3.2024, 15:17:08 - INFO - Server ready at port 3030
19.3.2024, 15:17:16 - INFO - Server ready at port 3030
19.3.2024, 15:17:18 - INFO - Server ready at port 3030
19.3.2024, 15:18:04 - INFO - Server ready at port 3030
19.3.2024, 15:23:01 - INFO - Server ready at port 3030
19.3.2024, 15:23:28 - INFO - Server ready at port 3030
19.3.2024, 15:23:43 - INFO - Server ready at port 3030
19.3.2024, 15:23:53 - INFO - Server ready at port 3030
19.3.2024, 15:23:59 - INFO - Server ready at port 3030
19.3.2024, 15:24:02 - INFO - Server ready at port 3030
19.3.2024, 15:24:06 - INFO - Server ready at port 3030
19.3.2024, 15:24:09 - INFO - Server ready at port 3030
19.3.2024, 15:24:21 - INFO - Server ready at port 3030
19.3.2024, 15:25:24 - INFO - Server ready at port 3030
19.3.2024, 15:25:53 - INFO - Server ready at port 3030
19.3.2024, 15:26:22 - INFO - Server ready at port 3030
19.3.2024, 15:26:24 - INFO - Server ready at port 3030
19.3.2024, 15:26:59 - INFO - Server ready at port 3030
19.3.2024, 15:27:05 - INFO - Server ready at port 3030
19.3.2024, 15:27:07 - INFO - Server ready at port 3030
19.3.2024, 15:27:48 - INFO - Server ready at port 3030
19.3.2024, 15:28:14 - INFO - Server ready at port 3030
19.3.2024, 15:28:41 - INFO - Server ready at port 3030
19.3.2024, 15:29:13 - INFO - Server ready at port 3030
19.3.2024, 15:29:23 - INFO - Server ready at port 3030
19.3.2024, 15:29:24 - INFO - Server ready at port 3030
19.3.2024, 15:31:18 - INFO - Server ready at port 3030
19.3.2024, 15:35:51 - INFO - Server ready at port 3030
19.3.2024, 15:35:59 - INFO - Server ready at port 3030
19.3.2024, 16:03:34 - INFO - Server ready at port 3030
19.3.2024, 16:03:38 - INFO - Server ready at port 3030
19.3.2024, 16:03:40 - INFO - Server ready at port 3030
19.3.2024, 16:06:59 - INFO - Server ready at port 3030
19.3.2024, 16:07:03 - INFO - Server ready at port 3030
19.3.2024, 16:07:05 - INFO - Server ready at port 3030
19.3.2024, 16:07:07 - INFO - Server ready at port 3030
19.3.2024, 16:21:02 - INFO - Server ready at port 3030
19.3.2024, 16:21:13 - INFO - Server ready at port 3030
19.3.2024, 16:21:16 - INFO - Server ready at port 3030
19.3.2024, 16:21:20 - INFO - Server ready at port 3030
19.3.2024, 16:21:33 - INFO - Server ready at port 3030
19.3.2024, 16:21:38 - INFO - Server ready at port 3030
19.3.2024, 16:21:41 - INFO - Server ready at port 3030
19.3.2024, 16:22:59 - INFO - Server ready at port 3030
19.3.2024, 16:23:04 - INFO - Server ready at port 3030
19.3.2024, 16:23:51 - INFO - Server ready at port 3030
19.3.2024, 16:24:13 - INFO - Server ready at port 3030
19.3.2024, 16:25:06 - INFO - Server ready at port 3030
19.3.2024, 16:25:10 - INFO - Server ready at port 3030
19.3.2024, 16:25:26 - INFO - Server ready at port 3030
19.3.2024, 16:25:32 - INFO - Server ready at port 3030
19.3.2024, 16:25:34 - INFO - Server ready at port 3030
19.3.2024, 16:25:36 - INFO - Server ready at port 3030
19.3.2024, 16:25:40 - INFO - Server ready at port 3030
19.3.2024, 16:25:53 - INFO - Server ready at port 3030
19.3.2024, 16:26:04 - INFO - Server ready at port 3030
19.3.2024, 16:28:05 - INFO - Server ready at port 3030
19.3.2024, 16:28:08 - INFO - Server ready at port 3030
19.3.2024, 16:28:17 - INFO - Server ready at port 3030
19.3.2024, 16:28:26 - INFO - Server ready at port 3030
19.3.2024, 17:08:07 - INFO - Server ready at port 3030
19.3.2024, 17:09:09 - INFO - Server ready at port 3030
19.3.2024, 17:09:11 - INFO - Server ready at port 3030
19.3.2024, 17:10:00 - INFO - Server ready at port 3030
19.3.2024, 17:14:51 - INFO - Server ready at port 3030
19.3.2024, 17:16:35 - INFO - Server ready at port 3030
19.3.2024, 17:16:38 - INFO - Server ready at port 3030
19.3.2024, 17:18:46 - INFO - Server ready at port 3030
19.3.2024, 17:18:50 - INFO - Server ready at port 3030
19.3.2024, 17:18:53 - INFO - Server ready at port 3030
19.3.2024, 17:18:56 - INFO - Server ready at port 3030
19.3.2024, 17:21:07 - INFO - Server ready at port 3030
19.3.2024, 17:23:48 - INFO - Server ready at port 3030
19.3.2024, 17:24:00 - INFO - Server ready at port 3030
19.3.2024, 17:24:06 - INFO - Server ready at port 3030
19.3.2024, 17:24:13 - INFO - Server ready at port 3030
19.3.2024, 17:24:21 - INFO - Server ready at port 3030
19.3.2024, 17:24:24 - INFO - Server ready at port 3030
19.3.2024, 17:24:27 - INFO - Server ready at port 3030
19.3.2024, 17:25:03 - INFO - Server ready at port 3030
19.3.2024, 17:28:38 - INFO - Server ready at port 3030
19.3.2024, 17:29:00 - INFO - Server ready at port 3030
19.3.2024, 17:29:15 - INFO - Server ready at port 3030
19.3.2024, 17:29:18 - INFO - Server ready at port 3030
19.3.2024, 17:29:23 - INFO - Server ready at port 3030
19.3.2024, 17:29:28 - INFO - Server ready at port 3030
19.3.2024, 17:29:32 - INFO - Server ready at port 3030
19.3.2024, 17:29:37 - INFO - Server ready at port 3030
19.3.2024, 17:30:24 - INFO - Server ready at port 3030
19.3.2024, 17:30:28 - INFO - Server ready at port 3030
19.3.2024, 17:30:37 - INFO - Server ready at port 3030
19.3.2024, 17:31:10 - INFO - Server ready at port 3030
19.3.2024, 17:31:57 - INFO - Server ready at port 3030
19.3.2024, 17:33:59 - INFO - Server ready at port 3030
19.3.2024, 17:34:02 - INFO - Server ready at port 3030
19.3.2024, 17:34:08 - INFO - Server ready at port 3030
19.3.2024, 17:34:18 - INFO - Server ready at port 3030
19.3.2024, 17:34:34 - INFO - Server ready at port 3030
19.3.2024, 17:34:37 - INFO - Server ready at port 3030
19.3.2024, 17:34:49 - INFO - Server ready at port 3030
19.3.2024, 17:34:51 - INFO - Server ready at port 3030
19.3.2024, 17:34:56 - INFO - Server ready at port 3030
19.3.2024, 17:34:59 - INFO - Server ready at port 3030
19.3.2024, 17:35:21 - INFO - Server ready at port 3030
19.3.2024, 17:35:27 - INFO - Server ready at port 3030
19.3.2024, 17:35:57 - INFO - Server ready at port 3030
19.3.2024, 17:36:03 - INFO - Server ready at port 3030
19.3.2024, 17:38:08 - INFO - Server ready at port 3030
19.3.2024, 17:38:31 - INFO - Server ready at port 3030
19.3.2024, 17:38:37 - INFO - Server ready at port 3030
19.3.2024, 17:40:24 - INFO - Server ready at port 3030
19.3.2024, 17:40:35 - INFO - Server ready at port 3030
